<?xml version="1.0" encoding="UTF-8"?>
<testsuite xmlns:xsi="http://www.w3.org/2001/XMLSchema-instance" xsi:noNamespaceSchemaLocation="https://maven.apache.org/surefire/maven-surefire-plugin/xsd/surefire-test-report.xsd" name="examples.ExamplesTest" time="11.726" tests="16" errors="0" skipped="0" failures="6">
  <properties>
[...]
</properties>
  <testcase name="testAll[1][1]" classname="examples.ExamplesTest" time="1.69"/>
  <testcase name="testAll[2][1]" classname="examples.ExamplesTest" time="0.089"/>
  <testcase name="testAll[3][1]" classname="examples.ExamplesTest" time="0.012"/>
  <testcase name="testAll[3][2]" classname="examples.ExamplesTest" time="0.978">
    <failure message="status code was: 403, expected: 201, response time in milliseconds: 577, url: https://www.kloia.com/, response: &#10;Request Forbidden&#10;classpath:examples/users/step2.feature:22" type="org.opentest4j.AssertionFailedError">org.opentest4j.AssertionFailedError: 
status code was: 403, expected: 201, response time in milliseconds: 577, url: https://www.kloia.com/, response: 
Request Forbidden
classpath:examples/users/step2.feature:22
</failure>
    <system-out><![CDATA[13:16:33.320 [main] INFO  com.intuit.karate - karate.env system property was: null 
13:16:33.687 [main] DEBUG com.intuit.karate - request:
1 > POST https://www.kloia.com/
1 > Content-Type: application/json; charset=UTF-8
1 > Content-Length: 58
1 > Host: www.kloia.com
1 > Connection: Keep-Alive
1 > User-Agent: Apache-HttpClient/4.5.13 (Java/17.0.10)
1 > Accept-Encoding: gzip,deflate
{"name":"Jane","username":"jane_pool","phone":12546758485}

13:16:34.274 [main] DEBUG com.intuit.karate - response time in milliseconds: 577
1 < 403
1 < Date: Fri, 17 May 2024 12:16:34 GMT
1 < Content-Type: text/plain;charset=UTF-8
1 < Content-Length: 17
1 < Connection: keep-alive
1 < Strict-Transport-Security: max-age=31536000
1 < Content-Security-Policy: upgrade-insecure-requests
1 < Report-To: {"endpoints":[{"url":"https:\/\/a.nel.cloudflare.com\/report\/v4?s=ds1oHgAPjBWuZi%2Buu9a4q0PGepsRi7lvrGUHXBLjhgTx0oTclooPCWD5NWuTj34vdl%2Faak%2FiH9LD6wkgxS4r4Xp8YCgBF%2FMF4vfMOG4T736D1ZSRyR0aUpHJwxGkhLQ%3D"}],"group":"cf-nel","max_age":604800}
1 < NEL: {"success_fraction":0.01,"report_to":"cf-nel","max_age":604800}
1 < Vary: Accept-Encoding
1 < Server: cloudflare
1 < CF-RAY: 88538a15eb73215c-MAD
1 < alt-svc: h3=":443"; ma=86400
1 < Set-Cookie: __cf_bm=EMFeoLckAim0rvgMALaDtkVdFrOxmr7UKSp1dSnBGso-1715948194-1.0.1.1-4E0jEDsENco8BOq.Dt4IVWsNVVBEg9UMsawEHirVvjKyr_7T3ouwkJ7nCtiJYWK4RKQhN7x9t2V6wrAhII6KTw; Max-Age=1715949994000; Expires=Thu, 31 Aug 56400 20:23:14 GMT; Domain=www.kloia.com; Secure
1 < Set-Cookie: __cfruid=c0a541eae66b869702b4ddcbf855de6d13efe3b1-1715948194; Domain=www.kloia.com; Secure
Request Forbidden

13:16:34.278 [main] ERROR com.intuit.karate - classpath:examples/users/step2.feature:22
Then status 201
status code was: 403, expected: 201, response time in milliseconds: 577, url: https://www.kloia.com/, response: 
Request Forbidden
classpath:examples/users/step2.feature:22
]]></system-out>
  </testcase>
  <testcase name="testAll[3][3]" classname="examples.ExamplesTest" time="0.827">
    <failure message="match failed: EQUALS&#10;  $ | not null (LIST:STRING)&#10;  [&quot;Fri, 17 May 2024 12:16:34 GMT&quot;]&#10;  &apos;#null&apos;&#10;&#10;classpath:examples/users/step2.feature:53" type="org.opentest4j.AssertionFailedError">org.opentest4j.AssertionFailedError: 
match failed: EQUALS
  $ | not null (LIST:STRING)
  ["Fri, 17 May 2024 12:16:34 GMT"]
  '#null'

classpath:examples/users/step2.feature:53
</failure>
    <system-out><![CDATA[13:16:34.303 [main] INFO  com.intuit.karate - karate.env system property was: null 
13:16:34.313 [main] DEBUG com.intuit.karate - request:
1 > POST https://petstore.swagger.io/v2/pet
1 > Content-Type: application/json; charset=UTF-8
1 > Content-Length: 134
1 > Host: petstore.swagger.io
1 > Connection: Keep-Alive
1 > User-Agent: Apache-HttpClient/4.5.13 (Java/17.0.10)
1 > Accept-Encoding: gzip,deflate
{"category":{"id":1,"name":"cats"},"name":"kitty","photoUrls":["www.kitty.com"],"tags":[{"id":0,"name":"sweet"}],"status":"available"}

13:16:34.959 [main] DEBUG com.intuit.karate - response time in milliseconds: 644
1 < 200
1 < Date: Fri, 17 May 2024 12:16:34 GMT
1 < Content-Type: application/json
1 < Transfer-Encoding: chunked
1 < Connection: keep-alive
1 < Access-Control-Allow-Origin: *
1 < Access-Control-Allow-Methods: GET, POST, DELETE, PUT
1 < Access-Control-Allow-Headers: Content-Type, api_key, Authorization
1 < Server: Jetty(9.2.9.v20150224)
{"id":9223372036854751160,"category":{"id":1,"name":"cats"},"name":"kitty","photoUrls":["www.kitty.com"],"tags":[{"id":0,"name":"sweet"}],"status":"available"}

13:16:34.989 [main] ERROR com.intuit.karate - classpath:examples/users/step2.feature:53
And match responseHeaders['Date'] == '#null'
match failed: EQUALS
  $ | not null (LIST:STRING)
  ["Fri, 17 May 2024 12:16:34 GMT"]
  '#null'

classpath:examples/users/step2.feature:53
---------------------------------------------------------
feature: classpath:examples/users/step2.feature
scenarios:  3 | passed:  1 | failed:  2 | time: 1.6400
---------------------------------------------------------

]]></system-out>
  </testcase>
  <testcase name="testAll[4][1]" classname="examples.ExamplesTest" time="0.015"/>
  <testcase name="testAll[4][2]" classname="examples.ExamplesTest" time="4.366"/>
  <testcase name="testAll[4][3]" classname="examples.ExamplesTest" time="0.01"/>
  <testcase name="testAll[4][4]" classname="examples.ExamplesTest" time="0.007"/>
  <testcase name="testAll[4][5]" classname="examples.ExamplesTest" time="0.038"/>
  <testcase name="testAll[4][6]" classname="examples.ExamplesTest" time="0.758">
    <failure message="status code was: 404, expected: 200, response time in milliseconds: 730, url: https://simple-books-api.glitch.me/posts/50, response: &#10;&lt;!DOCTYPE html&gt;&#10;&lt;html lang=&quot;en&quot;&gt;&#10;&lt;head&gt;&#10;&lt;meta charset=&quot;utf-8&quot;&gt;&#10;&lt;title&gt;Error&lt;/title&gt;&#10;&lt;/head&gt;&#10;&lt;body&gt;&#10;&lt;pre&gt;Cannot GET /posts/50&lt;/pre&gt;&#10;&lt;/body&gt;&#10;&lt;/html&gt;&#10;&#10;classpath:examples/users/step3.feature:26" type="org.opentest4j.AssertionFailedError"><![CDATA[org.opentest4j.AssertionFailedError: 
status code was: 404, expected: 200, response time in milliseconds: 730, url: https://simple-books-api.glitch.me/posts/50, response: 
<!DOCTYPE html>
<html lang="en">
<head>
<meta charset="utf-8">
<title>Error</title>
</head>
<body>
<pre>Cannot GET /posts/50</pre>
</body>
</html>

classpath:examples/users/step3.feature:26
]]></failure>
    <system-out><![CDATA[13:16:39.565 [main] INFO  com.intuit.karate - karate.env system property was: null 
13:16:39.584 [main] DEBUG com.intuit.karate - request:
1 > GET https://simple-books-api.glitch.me/posts/50
1 > Host: simple-books-api.glitch.me
1 > Connection: Keep-Alive
1 > User-Agent: Apache-HttpClient/4.5.13 (Java/17.0.10)
1 > Accept-Encoding: gzip,deflate


13:16:40.315 [main] DEBUG com.intuit.karate - response time in milliseconds: 730
1 < 404
1 < Date: Fri, 17 May 2024 12:16:40 GMT
1 < Content-Type: text/html; charset=utf-8
1 < Content-Length: 147
1 < Connection: keep-alive
1 < x-powered-by: Express
1 < content-security-policy: default-src 'none'
1 < x-content-type-options: nosniff
<!DOCTYPE html>
<html lang="en">
<head>
<meta charset="utf-8">
<title>Error</title>
</head>
<body>
<pre>Cannot GET /posts/50</pre>
</body>
</html>


13:16:40.317 [main] ERROR com.intuit.karate - classpath:examples/users/step3.feature:26
Then status 200
status code was: 404, expected: 200, response time in milliseconds: 730, url: https://simple-books-api.glitch.me/posts/50, response: 
<!DOCTYPE html>
<html lang="en">
<head>
<meta charset="utf-8">
<title>Error</title>
</head>
<body>
<pre>Cannot GET /posts/50</pre>
</body>
</html>

classpath:examples/users/step3.feature:26
]]></system-out>
  </testcase>
  <testcase name="testAll[4][7]" classname="examples.ExamplesTest" time="0.488">
    <failure message="status code was: 404, expected: 200, response time in milliseconds: 476, url: https://simple-books-api.glitch.me/posts/51, response: &#10;&lt;!DOCTYPE html&gt;&#10;&lt;html lang=&quot;en&quot;&gt;&#10;&lt;head&gt;&#10;&lt;meta charset=&quot;utf-8&quot;&gt;&#10;&lt;title&gt;Error&lt;/title&gt;&#10;&lt;/head&gt;&#10;&lt;body&gt;&#10;&lt;pre&gt;Cannot GET /posts/51&lt;/pre&gt;&#10;&lt;/body&gt;&#10;&lt;/html&gt;&#10;&#10;classpath:examples/users/step3.feature:26" type="org.opentest4j.AssertionFailedError"><![CDATA[org.opentest4j.AssertionFailedError: 
status code was: 404, expected: 200, response time in milliseconds: 476, url: https://simple-books-api.glitch.me/posts/51, response: 
<!DOCTYPE html>
<html lang="en">
<head>
<meta charset="utf-8">
<title>Error</title>
</head>
<body>
<pre>Cannot GET /posts/51</pre>
</body>
</html>

classpath:examples/users/step3.feature:26
]]></failure>
    <system-out><![CDATA[13:16:40.322 [main] INFO  com.intuit.karate - karate.env system property was: null 
13:16:40.324 [main] DEBUG com.intuit.karate - request:
1 > GET https://simple-books-api.glitch.me/posts/51
1 > Host: simple-books-api.glitch.me
1 > Connection: Keep-Alive
1 > User-Agent: Apache-HttpClient/4.5.13 (Java/17.0.10)
1 > Accept-Encoding: gzip,deflate


13:16:40.800 [main] DEBUG com.intuit.karate - response time in milliseconds: 476
1 < 404
1 < Date: Fri, 17 May 2024 12:16:40 GMT
1 < Content-Type: text/html; charset=utf-8
1 < Content-Length: 147
1 < Connection: keep-alive
1 < x-powered-by: Express
1 < content-security-policy: default-src 'none'
1 < x-content-type-options: nosniff
<!DOCTYPE html>
<html lang="en">
<head>
<meta charset="utf-8">
<title>Error</title>
</head>
<body>
<pre>Cannot GET /posts/51</pre>
</body>
</html>


13:16:40.804 [main] ERROR com.intuit.karate - classpath:examples/users/step3.feature:26
Then status 200
status code was: 404, expected: 200, response time in milliseconds: 476, url: https://simple-books-api.glitch.me/posts/51, response: 
<!DOCTYPE html>
<html lang="en">
<head>
<meta charset="utf-8">
<title>Error</title>
</head>
<body>
<pre>Cannot GET /posts/51</pre>
</body>
</html>

classpath:examples/users/step3.feature:26
]]></system-out>
  </testcase>
  <testcase name="testAll[4][8]" classname="examples.ExamplesTest" time="0.402">
    <failure message="status code was: 404, expected: 200, response time in milliseconds: 395, url: https://simple-books-api.glitch.me/posts/52, response: &#10;&lt;!DOCTYPE html&gt;&#10;&lt;html lang=&quot;en&quot;&gt;&#10;&lt;head&gt;&#10;&lt;meta charset=&quot;utf-8&quot;&gt;&#10;&lt;title&gt;Error&lt;/title&gt;&#10;&lt;/head&gt;&#10;&lt;body&gt;&#10;&lt;pre&gt;Cannot GET /posts/52&lt;/pre&gt;&#10;&lt;/body&gt;&#10;&lt;/html&gt;&#10;&#10;classpath:examples/users/step3.feature:26" type="org.opentest4j.AssertionFailedError"><![CDATA[org.opentest4j.AssertionFailedError: 
status code was: 404, expected: 200, response time in milliseconds: 395, url: https://simple-books-api.glitch.me/posts/52, response: 
<!DOCTYPE html>
<html lang="en">
<head>
<meta charset="utf-8">
<title>Error</title>
</head>
<body>
<pre>Cannot GET /posts/52</pre>
</body>
</html>

classpath:examples/users/step3.feature:26
]]></failure>
    <system-out><![CDATA[13:16:40.809 [main] INFO  com.intuit.karate - karate.env system property was: null 
13:16:40.811 [main] DEBUG com.intuit.karate - request:
1 > GET https://simple-books-api.glitch.me/posts/52
1 > Host: simple-books-api.glitch.me
1 > Connection: Keep-Alive
1 > User-Agent: Apache-HttpClient/4.5.13 (Java/17.0.10)
1 > Accept-Encoding: gzip,deflate


13:16:41.206 [main] DEBUG com.intuit.karate - response time in milliseconds: 395
1 < 404
1 < Date: Fri, 17 May 2024 12:16:41 GMT
1 < Content-Type: text/html; charset=utf-8
1 < Content-Length: 147
1 < Connection: keep-alive
1 < x-powered-by: Express
1 < content-security-policy: default-src 'none'
1 < x-content-type-options: nosniff
<!DOCTYPE html>
<html lang="en">
<head>
<meta charset="utf-8">
<title>Error</title>
</head>
<body>
<pre>Cannot GET /posts/52</pre>
</body>
</html>


13:16:41.207 [main] ERROR com.intuit.karate - classpath:examples/users/step3.feature:26
Then status 200
status code was: 404, expected: 200, response time in milliseconds: 395, url: https://simple-books-api.glitch.me/posts/52, response: 
<!DOCTYPE html>
<html lang="en">
<head>
<meta charset="utf-8">
<title>Error</title>
</head>
<body>
<pre>Cannot GET /posts/52</pre>
</body>
</html>

classpath:examples/users/step3.feature:26
]]></system-out>
  </testcase>
  <testcase name="testAll[4][9]" classname="examples.ExamplesTest" time="0.576">
    <failure message="status code was: 404, expected: 200, response time in milliseconds: 390, url: https://simple-books-api.glitch.me/posts/70, response: &#10;&lt;!DOCTYPE html&gt;&#10;&lt;html lang=&quot;en&quot;&gt;&#10;&lt;head&gt;&#10;&lt;meta charset=&quot;utf-8&quot;&gt;&#10;&lt;title&gt;Error&lt;/title&gt;&#10;&lt;/head&gt;&#10;&lt;body&gt;&#10;&lt;pre&gt;Cannot GET /posts/70&lt;/pre&gt;&#10;&lt;/body&gt;&#10;&lt;/html&gt;&#10;&#10;classpath:callers/callerGet.feature:6&#10;classpath:examples/users/step3.feature:33" type="org.opentest4j.AssertionFailedError"><![CDATA[org.opentest4j.AssertionFailedError: 
status code was: 404, expected: 200, response time in milliseconds: 390, url: https://simple-books-api.glitch.me/posts/70, response: 
<!DOCTYPE html>
<html lang="en">
<head>
<meta charset="utf-8">
<title>Error</title>
</head>
<body>
<pre>Cannot GET /posts/70</pre>
</body>
</html>

classpath:callers/callerGet.feature:6
classpath:examples/users/step3.feature:33
]]></failure>
    <system-out><![CDATA[13:16:41.212 [main] INFO  com.intuit.karate - karate.env system property was: null 
13:16:41.221 [main] DEBUG com.intuit.karate - request:
1 > GET https://simple-books-api.glitch.me/posts/70
1 > Host: simple-books-api.glitch.me
1 > Connection: Keep-Alive
1 > User-Agent: Apache-HttpClient/4.5.13 (Java/17.0.10)
1 > Accept-Encoding: gzip,deflate


13:16:41.611 [main] DEBUG com.intuit.karate - response time in milliseconds: 390
1 < 404
1 < Date: Fri, 17 May 2024 12:16:41 GMT
1 < Content-Type: text/html; charset=utf-8
1 < Content-Length: 147
1 < Connection: keep-alive
1 < x-powered-by: Express
1 < content-security-policy: default-src 'none'
1 < x-content-type-options: nosniff
<!DOCTYPE html>
<html lang="en">
<head>
<meta charset="utf-8">
<title>Error</title>
</head>
<body>
<pre>Cannot GET /posts/70</pre>
</body>
</html>


13:16:41.613 [main] ERROR com.intuit.karate - classpath:callers/callerGet.feature:6
Then status 200
status code was: 404, expected: 200, response time in milliseconds: 390, url: https://simple-books-api.glitch.me/posts/70, response: 
<!DOCTYPE html>
<html lang="en">
<head>
<meta charset="utf-8">
<title>Error</title>
</head>
<body>
<pre>Cannot GET /posts/70</pre>
</body>
</html>

classpath:callers/callerGet.feature:6
13:16:41.614 [main] ERROR com.intuit.karate - classpath:examples/users/step3.feature:33
And def getFeature = call read('classpath:callers/callerGet.feature')
status code was: 404, expected: 200, response time in milliseconds: 390, url: https://simple-books-api.glitch.me/posts/70, response: 
<!DOCTYPE html>
<html lang="en">
<head>
<meta charset="utf-8">
<title>Error</title>
</head>
<body>
<pre>Cannot GET /posts/70</pre>
</body>
</html>

classpath:callers/callerGet.feature:6
classpath:examples/users/step3.feature:33
---------------------------------------------------------
feature: classpath:examples/users/step3.feature
scenarios:  9 | passed:  5 | failed:  4 | time: 6.3941
---------------------------------------------------------

]]></system-out>
  </testcase>
  <testcase name="testAll[5][1]" classname="examples.ExamplesTest" time="0.367"/>
  <testcase name="testAll[5][2]" classname="examples.ExamplesTest" time="0.32"/>
</testsuite>